[sisindo@spgprimperf01 ~]$ssh epnm@114.1.212.195
RP/0/RP0/CPU0:YOG-TRET-EN1-C506Z#show ospf neighbor | in count

Sat Feb 11 13:19:15.612 WIB
Total neighbor count: 1

RP/0/RP0/CPU0:YOG-TRET-EN1-C506Z#show alarms brief system active

Sat Feb 11 13:19:17.126 WIB

------------------------------------------------------------------------------------
Active Alarms 
------------------------------------------------------------------------------------
Location        Severity     Group            Set Time                   Description                                                                                                                                                                                                                                                
------------------------------------------------------------------------------------
0/RP0/CPU0      Major        Timing           02/07/2023 16:46:23 WIB    T0 PLL is in HOLDOVER mode                                                                                                                                                                                                                                 

RP/0/RP0/CPU0:YOG-TRET-EN1-C506Z#sh int des | i up

Sat Feb 11 13:19:18.711 WIB
BE100              up          up          20G:to_YOG-TEMA-EN1-C516Z_BE101
Lo0                up          up          Loopback for IGP, BGP, LDP
Lo1                up          up          
Nu0                up          up          
Te0/0/0/22         up          up          10G:to_YOG-TEMA-EN1-C516Z_Te0/0/0/18:via_OTB1/2_MTEL
Te0/0/0/23         up          up          10G:to_YOG-TEMA-EN1-C516Z_Te0/0/0/19:via_OTB1/2_MTEL

[sisindo@spgprimperf01 ~]$ssh epnm@114.1.223.217
114.1.223.217 is not responding

[sisindo@spgprimperf01 ~]$ssh epnm@114.1.223.218
114.1.223.218 is not responding

[sisindo@spgprimperf01 ~]$ssh epnm@114.1.223.219
114.1.223.219 is not responding

[sisindo@spgprimperf01 ~]$ssh epnm@114.1.223.216
RP/0/RP0/CPU0:SMG-TLOG-EN1-C516Z#show ospf neighbor | in count

Sat Feb 11 13:19:45.123 WIB
Total neighbor count: 1

RP/0/RP0/CPU0:SMG-TLOG-EN1-C516Z#show alarms brief system active

Sat Feb 11 13:19:46.620 WIB

------------------------------------------------------------------------------------
Active Alarms 
------------------------------------------------------------------------------------
Location        Severity     Group            Set Time                   Description                                                                                                                                                                                                                                                
------------------------------------------------------------------------------------
0/RP0/CPU0      Major        Software         01/24/2023 23:53:57 WIB     Optics0/0/0/22 - hw_optics:  RX LOS LANE-0 ALARM                                                                                                                                                                                                          
0/RP0/CPU0      Major        Software         01/24/2023 23:53:57 WIB     Optics0/0/0/22 - hw_optics:  RX POWER LANE-0 LOW ALARM                                                                                                                                                                                                    
0/RP0/CPU0      Minor        Software         01/24/2023 23:53:57 WIB     Optics0/0/0/22 - hw_optics:  RX POWER LANE-0 LOW WARNING                                                                                                                                                                                                  
0/RP0/CPU0      Minor        Software         01/24/2023 23:54:21 WIB    SW Upgrade is still allowed as SIA Grace Period is remaining                                                                                                                                                                                               
0/RP0/CPU0      NotReported  Software         01/25/2023 23:53:16 WIB    One Or More Entitlements Are Out Of Compliance                                                                                                                                                                                                             
0/RP0/CPU0      Major        Timing           02/07/2023 22:21:02 WIB    T0 PLL is in HOLDOVER mode                                                                                                                                                                                                                                 

RP/0/RP0/CPU0:SMG-TLOG-EN1-C516Z#sh int des | i up

Sat Feb 11 13:19:48.258 WIB
BE100              up          up          25G:to_SMG-BRGN-EN1-C516Z_BE
Lo0                up          up          Loopback for IGP, BGP, LDP
Lo1                up          up          
Nu0                up          up          
Gi0/0/0/4          up          up          
Gi0/0/0/4.1411     up          up          L3-interface CPUP_14UNR0133_TLOGO_PL_HWI_V1411
Gi0/0/0/4.2603     up          up          L3-interface OAM_14UNR0133_TLOGO_PL_HWI_V2603
Gi0/0/0/4.2703     up          up          L3-interface OM_14UNR0133_TLOGO_PL_HWI_V2703
Gi0/0/0/4.3003     up          up          L3-interface ABIS_14UNR0133_TLOGO_PL_HWI_V3003
Gi0/0/0/4.3403     up          up          L3-interface CP_14UNR0133_TLOGO_PL_HWI_V3403
Gi0/0/0/4.3603     up          up          L3-interface UP_14UNR0133_TLOGO_PL_HWI_V3403
TF0/0/0/20         up          up          25G:to_SMG-BRGN-EN1-C516Z_TF0/0/0/20:via_OTB1/2_UNI

[sisindo@spgprimperf01 ~]$ssh epnm@114.1.223.220
114.1.223.220 is not responding

[sisindo@spgprimperf01 ~]$ssh epnm@114.1.197.179
RP/0/RP0/CPU0:TSM-CIKL-EN1-C516Z#show ospf neighbor | in count

Sat Feb 11 13:20:04.315 WIB
Total neighbor count: 2

RP/0/RP0/CPU0:TSM-CIKL-EN1-C516Z#show alarms brief system active

Sat Feb 11 13:20:05.797 WIB

------------------------------------------------------------------------------------
Active Alarms 
------------------------------------------------------------------------------------
Location        Severity     Group            Set Time                   Description                                                                                                                                                                                                                                                
------------------------------------------------------------------------------------
0/RP0/CPU0      NotReported  Software         11/29/2022 04:13:09 WIB    One Or More Entitlements Are Out Of Compliance                                                                                                                                                                                                             
0/RP0/CPU0      Minor        Software         11/29/2022 19:01:47 WIB    SW Upgrade is still allowed as SIA Grace Period is remaining                                                                                                                                                                                               

RP/0/RP0/CPU0:TSM-CIKL-EN1-C516Z#sh int des | i up

Sat Feb 11 13:20:07.289 WIB
BE100              up          up          25G:to_TSM-SGPA-EN1-C516Z_BE101
BE101              up          up          25G:to_TSM-SSGP-EN1-C516Z_BE100
Lo0                up          up          Loopback for IGP, BGP, LDP
Lo1                up          up          
Nu0                up          up          
TF0/0/0/20         up          up          25G:to_TSM-SGPA-EN1-C516Z_TF0/0/0/22:via_OTB1/2_UNI
TF0/0/0/22         up          up          25G:to_TSM-SSGP-EN1-C516Z_TF0/0/0/20:via_OTB7/8_UNI

[sisindo@spgprimperf01 ~]$ssh epnm@114.1.212.179
RP/0/RP0/CPU0:YOG-MCSN-EN1-C516Z#show ospf neighbor | in count

Sat Feb 11 13:20:18.245 WIB
Total neighbor count: 2

RP/0/RP0/CPU0:YOG-MCSN-EN1-C516Z#show alarms brief system active

Sat Feb 11 13:20:19.706 WIB

------------------------------------------------------------------------------------
Active Alarms 
------------------------------------------------------------------------------------
Location        Severity     Group            Set Time                   Description                                                                                                                                                                                                                                                
------------------------------------------------------------------------------------
0/RP0/CPU0      Minor        Software         02/03/2023 09:44:15 WIB    SW Upgrade is still allowed as SIA Grace Period is remaining                                                                                                                                                                                               
0/RP0/CPU0      Minor        Software         02/11/2023 11:28:39 WIB     Optics0/0/0/18 - hw_optics:  RX POWER LANE-0 LOW WARNING                                                                                                                                                                                                  

RP/0/RP0/CPU0:YOG-MCSN-EN1-C516Z#sh int des | i up

Sat Feb 11 13:20:21.297 WIB
BE100              up          up          20G:to_YOG-SDYU-EN1-C55A2_BE
BE101              up          up          25G:to_YOG-UMYS-EN1-C516Z_BE
Lo0                up          up          Loopback for IGP, BGP, LDP
Lo1                up          up          
Nu0                up          up          
Te0/0/0/18         up          up          10G:to_YOG-SDYU-EN1-C55A2_Te0/0/0/18:via_OTB1/2_MTEL
Te0/0/0/19         up          up          10G:to_YOG-SDYU-EN1-C55A2_Te0/0/0/17:via_OTB1/2_MTEL
TF0/0/0/22         up          up          25G:to_YOG-UMYS-EN1-C516Z_Te0/0/0/19:via_OTB3/4_MTEL

[sisindo@spgprimperf01 ~]$ssh epnm@114.1.212.180
RP/0/RP0/CPU0:YOG-UMYS-EN1-C516Z#show ospf neighbor | in count

Sat Feb 11 13:20:32.307 WIB
Total neighbor count: 2

RP/0/RP0/CPU0:YOG-UMYS-EN1-C516Z#show alarms brief system active

Sat Feb 11 13:20:33.816 WIB

------------------------------------------------------------------------------------
Active Alarms 
------------------------------------------------------------------------------------
Location        Severity     Group            Set Time                   Description                                                                                                                                                                                                                                                
------------------------------------------------------------------------------------
0/RP0/CPU0      Minor        Software         01/25/2023 22:57:36 WIB    SW Upgrade is still allowed as SIA Grace Period is remaining                                                                                                                                                                                               
0/RP0/CPU0      NotReported  Software         01/26/2023 22:56:30 WIB    One Or More Entitlements Are Out Of Compliance                                                                                                                                                                                                             

RP/0/RP0/CPU0:YOG-UMYS-EN1-C516Z#sh int des | i up

Sat Feb 11 13:20:35.419 WIB
BE100              up          up          #1x10G:to_YOG-MCSN-EN1-C516Z_Te0/0/0/18:via_OTB1/2_MTEL
BE101              up          up          #1x10G:to_YOG-TMTT-EN1-C516Z_Te0/0/0/19:via_OTB3/4_MTEL
Lo0                up          up          
Lo1                up          up          
Nu0                up          up          
TF0/0/0/20         up          up          #1x10G:to_YOG-MCSN-EN1-C516Z_Te0/0/0/18:via_OTB1/2_MTEL
TF0/0/0/22         up          up          #1x10G:to_YOG-TMTT-EN1-C516Z_Te0/0/0/19:via_OTB3/4_MTEL

[sisindo@spgprimperf01 ~]$ssh epnm@114.1.202.234
RP/0/RP0/CPU0:CRB-SLYE-EN1-C506Z#show ospf neighbor | in count

Total neighbor count: 1

RP/0/RP0/CPU0:CRB-SLYE-EN1-C506Z#show alarms brief system active


------------------------------------------------------------------------------------
Active Alarms 
------------------------------------------------------------------------------------
Location        Severity     Group            Set Time                   Description                                                                                                                                                                                                                                                
------------------------------------------------------------------------------------
0/RP0/CPU0      Minor        Software         11/28/2022 13:30:45 WIB     Optics0/0/0/22 - hw_optics:  RX POWER LANE-0 HIGH WARNING                                                                                                                                                                                                 
0/RP0/CPU0      Major        Software         11/28/2022 13:30:48 WIB     Optics0/0/0/22 - hw_optics:  RX POWER LANE-0 HIGH ALARM                                                                                                                                                                                                   
0/RP0/CPU0      Minor        Software         12/13/2022 14:23:01 WIB     Optics0/0/0/23 - hw_optics:  RX POWER LANE-0 HIGH WARNING                                                                                                                                                                                                 
0/RP0/CPU0      Major        Timing           01/04/2023 11:33:52 WIB    T0 PLL is in HOLDOVER mode                                                                                                                                                                                                                                 

RP/0/RP0/CPU0:CRB-SLYE-EN1-C506Z#sh int des | i up

BE101              up          up          10G:to_CRB-IDMY-EN1-C516Z_Te0/0/0/23:via_OTB3/4_TBG
Lo0                up          up          Loopback for IGP, BGP, LDP
Lo1                up          up          
Nu0                up          up          
Gi0/0/0/4          up          up          
Te0/0/0/22         up          up          10G:to_CRB-IDMY-EN1-C516Z_Te0/0/0/23:via_OTB3/4_TBG
Te0/0/0/23         up          up          10G:to_CRB-JTBG-EN1-C516Z_Te0/0/0/22:via_OTB1/2_TBG

[sisindo@spgprimperf01 ~]$ssh epnm@114.1.190.23
RP/0/RP0/CPU0:BDG-BBLB-EN1-C516Z#show ospf neighbor | in count

Total neighbor count: 2

RP/0/RP0/CPU0:BDG-BBLB-EN1-C516Z#show alarms brief system active


------------------------------------------------------------------------------------
Active Alarms 
------------------------------------------------------------------------------------
Location        Severity     Group            Set Time                   Description                                                                                                                                                                                                                                                
------------------------------------------------------------------------------------
0/RP0/CPU0      Minor        Software         12/01/2022 20:04:58 WIB     Optics0/0/0/19 - hw_optics:  RX POWER LANE-0 HIGH WARNING                                                                                                                                                                                                 
0/RP0/CPU0      Minor        Software         02/10/2023 11:26:40 WIB     Optics0/0/0/18 - hw_optics:  RX POWER LANE-0 HIGH WARNING                                                                                                                                                                                                 

RP/0/RP0/CPU0:BDG-BBLB-EN1-C516Z#sh int des | i up

BE100              up          up          20G:to_BDG-BAJT-EN1-C516Z_Te0/0/0/16:via_OTB1/2_STF
BE101              up          up          25G:to_BDG-MARG-EN1-C516Z_BE100
Lo0                up          up          
Lo1                up          up          
Nu0                up          up          
Te0/0/0/18         up          up          10G:to_BDG-BAJT-EN1-C516Z_Te0/0/0/16:via_OTB1/2_STF
Te0/0/0/19         up          up          10G:to_BDG-BAJT-EN1-C516Z_Te0/0/0/16:via_OTB1/2_STF
TF0/0/0/22         up          up          25G:to_BDG-MARG-EN1-C516Z_TF0/0/0/20:via_OTB3/4_STF

